nohup: ignoring input

  .   ____          _            __ _ _
 /\\ / ___'_ __ _ _(_)_ __  __ _ \ \ \ \
( ( )\___ | '_ | '_| | '_ \/ _` | \ \ \ \
 \\/  ___)| |_)| | | | | || (_| |  ) ) ) )
  '  |____| .__|_| |_|_| |_\__, | / / / /
 =========|_|==============|___/=/_/_/_/
 :: Spring Boot ::                (v3.2.0)

2025-09-13 14:43:09 - Starting WhatsappAiBackendApplication v1.0.0 using Java 21.0.7 with PID 2767 (/workspace/target/whatsapp-ai-backend-1.0.0.jar started by ubuntu in /workspace)
2025-09-13 14:43:09 - Running with Spring Boot v3.2.0, Spring v6.1.1
2025-09-13 14:43:09 - No active profile set, falling back to 1 default profile: "default"
2025-09-13 14:43:10 - Bootstrapping Spring Data JPA repositories in DEFAULT mode.
2025-09-13 14:43:10 - Finished Spring Data repository scanning in 91 ms. Found 3 JPA repository interfaces.
2025-09-13 14:43:11 - Tomcat initialized with port 8080 (http)
2025-09-13 14:43:11 - Starting service [Tomcat]
2025-09-13 14:43:11 - Starting Servlet engine: [Apache Tomcat/10.1.16]
2025-09-13 14:43:11 - Initializing Spring embedded WebApplicationContext
2025-09-13 14:43:11 - Root WebApplicationContext: initialization completed in 1357 ms
2025-09-13 14:43:11 - HHH000204: Processing PersistenceUnitInfo [name: default]
2025-09-13 14:43:11 - HHH000412: Hibernate ORM core version 6.3.1.Final
2025-09-13 14:43:11 - HHH000026: Second-level cache disabled
2025-09-13 14:43:11 - No LoadTimeWeaver setup: ignoring JPA class transformer
2025-09-13 14:43:11 - HikariPool-1 - Starting...
2025-09-13 14:43:11 - HikariPool-1 - Added connection conn0: url=jdbc:h2:mem:testdb user=SA
2025-09-13 14:43:11 - HikariPool-1 - Start completed.
2025-09-13 14:43:11 - HHH90000025: H2Dialect does not need to be specified explicitly using 'hibernate.dialect' (remove the property setting and it will be selected by default)
2025-09-13 14:43:12 - HHH000489: No JTA platform available (set 'hibernate.transaction.jta.platform' to enable JTA platform integration)
2025-09-13 14:43:12 - 
    create table characters (
        id uuid not null,
        avatar_url varchar(500),
        background TEXT,
        created_at timestamp(6) not null,
        is_active boolean not null,
        name varchar(255) not null,
        personality_traits TEXT,
        speaking_style varchar(1000),
        system_prompt TEXT,
        updated_at timestamp(6),
        primary key (id)
    )
2025-09-13 14:43:12 - 
    create table group_members (
        id uuid not null,
        is_active boolean not null,
        joined_at timestamp(6) not null,
        character_id uuid not null,
        group_id uuid not null,
        primary key (id)
    )
2025-09-13 14:43:12 - 
    create table groups (
        id uuid not null,
        created_at timestamp(6) not null,
        description varchar(1000),
        is_active boolean not null,
        name varchar(255) not null,
        updated_at timestamp(6),
        primary key (id)
    )
2025-09-13 14:43:12 - 
    create table messages (
        id uuid not null,
        content TEXT not null,
        is_ai_generated boolean not null,
        message_type varchar(255) not null check (message_type in ('TEXT','IMAGE','AUDIO','VIDEO','DOCUMENT','EMOJI','SYSTEM')),
        response_time_ms bigint,
        timestamp timestamp(6) not null,
        character_id uuid not null,
        group_id uuid not null,
        primary key (id)
    )
2025-09-13 14:43:12 - 
    alter table if exists group_members 
       add constraint FKs4g77iuoqgrletr6hva3sxrv 
       foreign key (character_id) 
       references characters
2025-09-13 14:43:12 - 
    alter table if exists group_members 
       add constraint FKkv9vlrye4rmhqjq4qohy2n5a6 
       foreign key (group_id) 
       references groups
2025-09-13 14:43:12 - 
    alter table if exists messages 
       add constraint FKsieokekcgi9yij6u7yil5u7p9 
       foreign key (character_id) 
       references characters
2025-09-13 14:43:12 - 
    alter table if exists messages 
       add constraint FK2cpth2c6q2d75e9ppqyc402t 
       foreign key (group_id) 
       references groups
2025-09-13 14:43:12 - Initialized JPA EntityManagerFactory for persistence unit 'default'
2025-09-13 14:43:12 - Hibernate is in classpath; If applicable, HQL parser will be used.
2025-09-13 14:43:13 - Initialized ConversationEngine with 1 AI connectors
2025-09-13 14:43:13 - ChatWebSocketHandler initialized (WebSocket functionality disabled)
2025-09-13 14:43:13 - spring.jpa.open-in-view is enabled by default. Therefore, database queries may be performed during view rendering. Explicitly configure spring.jpa.open-in-view to disable this warning
2025-09-13 14:43:13 - Exposing 3 endpoint(s) beneath base path '/actuator'
2025-09-13 14:43:13 - Will secure any request with [org.springframework.security.web.session.DisableEncodeUrlFilter@239c4792, org.springframework.security.web.context.request.async.WebAsyncManagerIntegrationFilter@598acf89, org.springframework.security.web.context.SecurityContextHolderFilter@17ab4ba5, org.springframework.security.web.header.HeaderWriterFilter@3a95fd1c, org.springframework.web.filter.CorsFilter@150ba838, org.springframework.security.web.csrf.CsrfFilter@5d7b3a93, org.springframework.security.web.authentication.logout.LogoutFilter@79ed43f8, org.springframework.security.web.authentication.UsernamePasswordAuthenticationFilter@4d500865, org.springframework.security.web.authentication.ui.DefaultLoginPageGeneratingFilter@2640893e, org.springframework.security.web.authentication.ui.DefaultLogoutPageGeneratingFilter@198b4fb6, org.springframework.security.web.authentication.www.BasicAuthenticationFilter@12bc9450, org.springframework.security.web.savedrequest.RequestCacheAwareFilter@434d5eb9, org.springframework.security.web.servletapi.SecurityContextHolderAwareRequestFilter@646a5e76, org.springframework.security.web.authentication.AnonymousAuthenticationFilter@58ea2bc2, org.springframework.security.web.access.ExceptionTranslationFilter@37d05d32, org.springframework.security.web.access.intercept.AuthorizationFilter@10eddc8b]
2025-09-13 14:43:13 - Tomcat started on port 8080 (http) with context path ''
2025-09-13 14:43:13 - Started WhatsappAiBackendApplication in 4.561 seconds (process running for 4.898)
2025-09-13 14:43:40 - Initializing Spring DispatcherServlet 'dispatcherServlet'
2025-09-13 14:43:40 - Initializing Servlet 'dispatcherServlet'
2025-09-13 14:43:40 - Completed initialization in 1 ms
2025-09-13 14:43:40 - Cache miss for REQUEST dispatch to '/actuator/health' (previous null). Performing CorsConfiguration lookup. This is logged once only at WARN level, and every time at TRACE.
